We will examine molecule with id 57001
The computed properties are generally in the .properties field

Scalar values are access by name (note the .value suffix), like this single point energy:  -213.76513

Fields with repeated values like vib_intens and exc_ene_cc2_tzvp) use an index with [] on the repeated values
The 0th and 6th vib_intens: 0.0 21.5
Or you can iterate over all of them
Excitation energy: 0.23229
Excitation energy: 0.34252
Excitation energy: 0.35454
Excitation energy: 0.3652
Excitation energy: 0.39769
Or just ask how many exc_ene_cc2_tzvp there are: 5

Some fields like elec_dip_pbe0_augpc1 have explicit x,y,z components
0.76262 -0.24296 0.1717

Some fields are higher order tensors, with similar named components
polarizability is a rank 2 tensor
18.44366 19.24036 16.25237 -1.14202 0.80691 -4.21845
octopole moment is a rank 3 tensor
-36.61988 1.32409 2.19806 -0.11857 0.88628 -17.85217 1.13763 -16.62721 0.11383 1.79615

A couple of important fields are not inside "properties"
For example, the optimized geometry has an energy of -213.607287 and positions for 4 atoms and the first atom x-coordinate is 1.9872709512710571

In addition to looking at dataset.proto for field documentation, you can just print a given molecule to see what fields are available
mol_id: 57001
initial_geometries {
  atom_positions {
    x: 2.046005964279175
    y: -0.05990400165319443
    z: -0.04686500132083893
  }
  atom_positions {
    x: 0.8208969831466675
    y: 1.5367250442504883
    z: -1.1752209663391113
  }
  atom_positions {
    x: 0.7711970210075378
    y: -1.8451290130615234
    z: 1.2147159576416016
  }
  atom_positions {
    x: 4.124516010284424
    y: -0.12472199648618698
    z: -0.0011340000201016665
  }
  energy {
    value: -213.600956
  }
  gnorm {
    value: 0.114996
  }
}
optimized_geometry {
  atom_positions {
    x: 1.9872709512710571
    y: 0.001541999983601272
    z: -0.09030699729919434
  }
  atom_positions {
    x: 0.8458210229873657
    y: 1.5565420389175415
    z: -1.1892169713974
  }
  atom_positions {
    x: 0.8833469748497009
    y: -1.8555140495300293
    z: 1.2220569849014282
  }
  atom_positions {
    x: 4.046177864074707
    y: -0.1956000030040741
    z: 0.0489640012383461
  }
  energy {
    value: -213.607287
  }
  gnorm {
    value: 6.7e-05
  }
  brot {
    value: 10473.771
    value: 11808.073
    value: 92688.945
  }
}
properties {
  vib_intens {
    value: 0.0
    value: 0.0
    value: 0.0
    value: 0.0
    value: 0.0
    value: 0.0
    value: 21.5
    value: 0.2
    value: 259.5
    value: 2.5
    value: 290.8
    value: 43.7
  }
  spe_comp_b5 {
    value: -213.76513
  }
  orb_ehomo_pbe0_6311gd {
    value: -0.34427
  }
  orb_elumo_pbe0_6311gd {
    value: -0.02321
  }
  exc_ene_cc2_tzvp {
    value: 0.23229
    value: 0.34252
    value: 0.35454
    value: 0.3652
    value: 0.39769
  }
  exc_os_cc2_tzvp {
    value: 0.00237
    value: 1e-05
    value: 0.10047
    value: 0.06747
    value: 0.15779
  }
  nmr_pbe0_augpcs1 {
    values: 28.0736
    values: -126.0672
    values: 119.1424
    values: 23.4408
    precision: 0.0016
    precision: 0.0064
    precision: 0.0064
    precision: 0.0008
  }
  chg_mul_pbe0_augpc1 {
    values: 1.1429
    values: -0.8308
    values: -0.5849
    values: 0.2728
    precision: 0.0001
    precision: 0.0001
    precision: 0.0001
    precision: 0.0001
  }
  chg_loe_pbe0_augpc1 {
    values: 0.2448
    values: -0.1433
    values: -0.1816
    values: 0.0801
    precision: 0.0001
    precision: 0.0001
    precision: 0.0001
    precision: 0.0001
  }
  chg_nat_pbe0_augpc1 {
    values: 0.8086
    values: -0.5495
    values: -0.3837
    values: 0.1246
    precision: 0.0001
    precision: 0.0001
    precision: 0.0001
    precision: 0.0001
  }
  chg_esp_pbe0_augpc1 {
    values: 0.5444
    values: -0.3912
    values: -0.2043
    values: 0.0512
    precision: 0.0001
    precision: 0.0001
    precision: 0.0001
    precision: 0.0001
  }
  elec_pol_pbe0_augpc1 {
    xx: 18.44366
    yy: 19.24036
    zz: 16.25237
    xy: -1.14202
    xz: 0.80691
    yz: -4.21845
  }
  elec_dip_pbe0_augpc1 {
    x: 0.76262
    y: -0.24296
    z: 0.1717
  }
  elec_qua_pbe0_augpc1 {
    xx: -8.99568
    yy: -13.3491
    zz: -12.44867
    xy: -0.28195
    xz: 0.1312
    yz: 1.33611
  }
  elec_oct_pbe0_augpc1 {
    xxx: -36.61988
    yyy: 1.32409
    zzz: 2.19806
    xxy: -0.11857
    xxz: 0.88628
    xyy: -17.85217
    yyz: 1.13763
    xzz: -16.62721
    yzz: 0.11383
    xyz: 1.79615
  }
  wf_diag_t1_2sd {
    value: 0.0159
  }
  at2_gen_t1_exc {
    value: 0.0036
  }
  at2_gen_bsr_left {
    value: " molecule +  1 CH4"
  }
  at2_gen_bsr_right {
    value: " 1 H2C=O +  1 H3C-F"
  }
  at2_std_b5_ereac {
    value: 26.52
  }
  at2_um_b5_ereac {
    value: 26.54
  }
  at2_um_b5_ereac_unc {
    value: 0.34
  }
  at2_std_b5_eae {
    value: 402.33
  }
  at2_um_b5_eae {
    value: 402.64
  }
  at2_um_b5_eae_unc {
    value: 0.53
  }
  at2_std_b5_ea0 {
    value: 389.33
  }
  at2_um_b5_ea0 {
    value: 389.83
  }
  at2_um_b5_ea0_unc {
    value: 0.67
  }
  at2_std_b5_hf0 {
    value: -90.21
  }
  at2_um_b5_hf0 {
    value: -90.7
  }
  at2_um_b5_hf0_unc {
    value: 0.67
  }
  at2_std_b5_hf298 {
    value: -91.07
  }
  at2_um_b5_hf298 {
    value: -91.57
  }
  at2_um_b5_hf298_unc {
    value: 0.69
  }
  at2_std_zpe {
    value: 12.99
  }
  at2_um_zpe {
    value: 12.81
  }
  at2_um_zpe_unc {
    value: 0.41
  }
  vib_freq {
    value: 0.0
    value: 0.0
    value: 0.0
    value: 0.0
    value: 0.0
    value: 0.0
    value: 680.9
    value: 1043.4
    value: 1109.9
    value: 1395.5
    value: 1941.9
    value: 3111.8
  }
}
bond_topologies {
  atoms: ATOM_C
  atoms: ATOM_O
  atoms: ATOM_F
  atoms: ATOM_H
  bonds {
    atom_b: 1
    bond_type: BOND_DOUBLE
  }
  bonds {
    atom_b: 2
    bond_type: BOND_SINGLE
  }
  bonds {
    atom_b: 3
    bond_type: BOND_SINGLE
  }
  smiles: "O=CF"
  bond_topo_id: 57
  geometry_score: 3.1316471099853516
  source: 15
}

