When processing the complete database, there are a few special kinds of molecules to look out for

The first are duplicate records
Consider 253949008
It has status -1 and duplicate_of 253949007
This means this molecule was considered a duplciated of another
That other molecule proceeded to full calculation and this molecule did not
A molecule should have status=-1 if and only if duplicate_of is not 0
Note that this molecule started with bond topology 253949 which is the same as the duplicate 253949
Therefore, the initial_geometry from 253949008 was copied to the list of ini_geo for 253949007 which has 2 ini_geo
Compare this to molecule 95603043
It is duplicated to 96501032 which has bond topology 96501 which is different than the bond topology for this molecule 95603
Therefore, the initial geometry from 95603043 is NOT copied to 96501032 which has only 1 inital_geometries
We do this because it is not obvious what the atom matching across the duplicates should be in this case
If you have a good idea how to do that, you will need these records

The other important cases to watch for are status >= 512
Consider molecule 146002
The status is 590 and the full record is:
mol_id: 146002
ini_geo {
  atompos {
    x: 1.9942280054092407
    y: 0.13587099313735962
    z: -0.11886399984359741
  }
  atompos {
    x: 1.1264660358428955
    y: -1.3023990392684937
    z: -2.1127140522003174
  }
  atompos {
    x: 1.9796769618988037
    y: -3.549283981323242
    z: -1.4482860565185547
  }
  atompos {
    x: -1.3292330503463745
    y: -1.221708059310913
    z: -1.6869590282440186
  }
  atompos {
    x: 1.1973299980163574
    y: -0.8467860221862793
    z: 1.3469970226287842
  }
  atompos {
    x: 1.2101809978485107
    y: 1.881788969039917
    z: -0.15306800603866577
  }
  atompos {
    x: 3.89642596244812
    y: -0.007747999858111143
    z: 0.040817998349666595
  }
  atompos {
    x: 1.662392020225525
    y: -0.7277340292930603
    z: -3.940268039703369
  }
  energy {
    val: -261.898872
  }
  gnorm {
    val: 0.16787
  }
}
opt_geo {
  atompos {
    x: 2.4682629108428955
    y: 0.8800740242004395
    z: 0.563289999961853
  }
  atompos {
    x: 0.25108200311660767
    y: -2.6276540756225586
    z: -2.9081480503082275
  }
  atompos {
    x: 1.4919790029525757
    y: -4.483479976654053
    z: -3.428913116455078
  }
  atompos {
    x: -1.8266240358352661
    y: -2.094849109649658
    z: -3.7170729637145996
  }
  atompos {
    x: 2.0687220096588135
    y: 0.4512839913368225
    z: 2.3860580921173096
  }
  atompos {
    x: 1.8392540216445923
    y: 2.6609270572662354
    z: 0.24932299554347992
  }
  atompos {
    x: 4.375133991241455
    y: 0.9085649847984314
    z: 0.39348700642585754
  }
  atompos {
    x: 1.0696560144424438
    y: -1.3328640460968018
    z: -1.610368013381958
  }
  energy {
    val: -262.052347
  }
  gnorm {
    val: 0.00011
  }
}
prop {
  calc {
    status: 590
    fate: FATE_FAILURE_TOPOLOGY_CHECK
  }
  smiles_openbabel: "[O-][NH+]([NH3+])[O-]"
}
bond_topo {
  atom: ATOM_NPOS
  atom: ATOM_NPOS
  atom: ATOM_ONEG
  atom: ATOM_ONEG
  atom: ATOM_H
  atom: ATOM_H
  atom: ATOM_H
  atom: ATOM_H
  bond {
    atom_b: 1
    bond_type: BOND_SINGLE
  }
  bond {
    atom_a: 1
    atom_b: 2
    bond_type: BOND_SINGLE
  }
  bond {
    atom_a: 1
    atom_b: 3
    bond_type: BOND_SINGLE
  }
  bond {
    atom_b: 4
    bond_type: BOND_SINGLE
  }
  bond {
    atom_b: 5
    bond_type: BOND_SINGLE
  }
  bond {
    atom_b: 6
    bond_type: BOND_SINGLE
  }
  bond {
    atom_a: 1
    atom_b: 7
    bond_type: BOND_SINGLE
  }
  smiles: "[NH3+][NH+]([O-])[O-]"
  topo_id: 146
  info: 1
}

You can see that there is very little information there
Anything with status variable >=512 has nothing other than an attempted geometry optimization, which failed for some reason
There may not even be an opt_geo stored
Unless you are interested in the geometry optimization process, you probably want to ignore these records
